# JRE version: Java(TM) SE Runtime Environment 18.9 (11.0.16.1+1) (build 11.0.16.1+1-LTS-1)
# Java VM: Java HotSpot(TM) 64-Bit Server VM 18.9 (11.0.16.1+1-LTS-1, mixed mode, tiered, compressed oops, g1 gc, windows-amd64)
Heap:
 garbage-first heap   total 98304K, used 12180K [0x00000000a0c00000, 0x0000000100000000)
  region size 1024K, 3 young (3072K), 3 survivors (3072K)
 Metaspace       used 31195K, capacity 32116K, committed 32128K, reserved 1087488K
  class space    used 3581K, capacity 3956K, committed 3968K, reserved 1048576K
GC Heap History (8 events):
Event: 1.113 GC heap before
{Heap before GC invocations=0 (full 0):
 garbage-first heap   total 98304K, used 23552K [0x00000000a0c00000, 0x0000000100000000)
  region size 1024K, 24 young (24576K), 0 survivors (0K)
 Metaspace       used 11964K, capacity 12268K, committed 12416K, reserved 1060864K
  class space    used 1186K, capacity 1287K, committed 1408K, reserved 1048576K
}
Event: 1.121 GC heap after
{Heap after GC invocations=1 (full 0):
 garbage-first heap   total 98304K, used 5186K [0x00000000a0c00000, 0x0000000100000000)
  region size 1024K, 3 young (3072K), 3 survivors (3072K)
 Metaspace       used 11964K, capacity 12268K, committed 12416K, reserved 1060864K
  class space    used 1186K, capacity 1287K, committed 1408K, reserved 1048576K
}
Event: 2.295 GC heap before
{Heap before GC invocations=1 (full 0):
 garbage-first heap   total 98304K, used 47170K [0x00000000a0c00000, 0x0000000100000000)
  region size 1024K, 45 young (46080K), 3 survivors (3072K)
 Metaspace       used 20541K, capacity 21163K, committed 21248K, reserved 1069056K
  class space    used 2222K, capacity 2503K, committed 2560K, reserved 1048576K
}
Event: 2.309 GC heap after
{Heap after GC invocations=2 (full 0):
 garbage-first heap   total 98304K, used 9763K [0x00000000a0c00000, 0x0000000100000000)
  region size 1024K, 8 young (8192K), 8 survivors (8192K)
 Metaspace       used 20541K, capacity 21163K, committed 21248K, reserved 1069056K
  class space    used 2222K, capacity 2503K, committed 2560K, reserved 1048576K
}
Event: 4.583 GC heap before
{Heap before GC invocations=3 (full 0):
 garbage-first heap   total 98304K, used 53795K [0x00000000a0c00000, 0x0000000100000000)
  region size 1024K, 51 young (52224K), 8 survivors (8192K)
 Metaspace       used 26860K, capacity 27633K, committed 27648K, reserved 1073152K
  class space    used 3004K, capacity 3325K, committed 3328K, reserved 1048576K
}
Event: 4.596 GC heap after
{Heap after GC invocations=4 (full 0):
 garbage-first heap   total 98304K, used 11256K [0x00000000a0c00000, 0x0000000100000000)
  region size 1024K, 2 young (2048K), 2 survivors (2048K)
 Metaspace       used 26860K, capacity 27633K, committed 27648K, reserved 1073152K
  class space    used 3004K, capacity 3325K, committed 3328K, reserved 1048576K
}
Event: 5.351 GC heap before
{Heap before GC invocations=4 (full 0):
 garbage-first heap   total 98304K, used 32760K [0x00000000a0c00000, 0x0000000100000000)
  region size 1024K, 24 young (24576K), 2 survivors (2048K)
 Metaspace       used 31195K, capacity 32116K, committed 32128K, reserved 1085440K
  class space    used 3581K, capacity 3956K, committed 3968K, reserved 1048576K
}
Event: 5.358 GC heap after
{Heap after GC invocations=5 (full 0):
 garbage-first heap   total 98304K, used 12180K [0x00000000a0c00000, 0x0000000100000000)
  region size 1024K, 3 young (3072K), 3 survivors (3072K)
 Metaspace       used 31195K, capacity 32116K, committed 32128K, reserved 1085440K
  class space    used 3581K, capacity 3956K, committed 3968K, reserved 1048576K
}

