# JRE version: Java(TM) SE Runtime Environment 18.9 (11.0.16.1+1) (build 11.0.16.1+1-LTS-1)
# Java VM: Java HotSpot(TM) 64-Bit Server VM 18.9 (11.0.16.1+1-LTS-1, mixed mode, tiered, compressed oops, g1 gc, windows-amd64)
Heap:
 garbage-first heap   total 98304K, used 31726K [0x00000000a0c00000, 0x0000000100000000)
  region size 1024K, 17 young (17408K), 3 survivors (3072K)
 Metaspace       used 33370K, capacity 34449K, committed 34688K, reserved 1079296K
  class space    used 3958K, capacity 4402K, committed 4480K, reserved 1048576K
GC Heap History (6 events):
Event: 1.134 GC heap before
{Heap before GC invocations=0 (full 0):
 garbage-first heap   total 98304K, used 23552K [0x00000000a0c00000, 0x0000000100000000)
  region size 1024K, 24 young (24576K), 0 survivors (0K)
 Metaspace       used 12083K, capacity 12313K, committed 12672K, reserved 1060864K
  class space    used 1188K, capacity 1281K, committed 1408K, reserved 1048576K
}
Event: 1.143 GC heap after
{Heap after GC invocations=1 (full 0):
 garbage-first heap   total 98304K, used 5905K [0x00000000a0c00000, 0x0000000100000000)
  region size 1024K, 3 young (3072K), 3 survivors (3072K)
 Metaspace       used 12083K, capacity 12313K, committed 12672K, reserved 1060864K
  class space    used 1188K, capacity 1281K, committed 1408K, reserved 1048576K
}
Event: 2.392 GC heap before
{Heap before GC invocations=1 (full 0):
 garbage-first heap   total 98304K, used 56081K [0x00000000a0c00000, 0x0000000100000000)
  region size 1024K, 53 young (54272K), 3 survivors (3072K)
 Metaspace       used 20461K, capacity 21118K, committed 21248K, reserved 1069056K
  class space    used 2174K, capacity 2468K, committed 2560K, reserved 1048576K
}
Event: 2.407 GC heap after
{Heap after GC invocations=2 (full 0):
 garbage-first heap   total 98304K, used 10273K [0x00000000a0c00000, 0x0000000100000000)
  region size 1024K, 8 young (8192K), 8 survivors (8192K)
 Metaspace       used 20461K, capacity 21118K, committed 21248K, reserved 1069056K
  class space    used 2174K, capacity 2468K, committed 2560K, reserved 1048576K
}
Event: 4.138 GC heap before
{Heap before GC invocations=3 (full 0):
 garbage-first heap   total 98304K, used 60449K [0x00000000a0c00000, 0x0000000100000000)
  region size 1024K, 57 young (58368K), 8 survivors (8192K)
 Metaspace       used 31076K, capacity 32058K, committed 32256K, reserved 1077248K
  class space    used 3601K, capacity 4010K, committed 4096K, reserved 1048576K
}
Event: 4.154 GC heap after
{Heap after GC invocations=4 (full 0):
 garbage-first heap   total 98304K, used 13294K [0x00000000a0c00000, 0x0000000100000000)
  region size 1024K, 3 young (3072K), 3 survivors (3072K)
 Metaspace       used 31076K, capacity 32058K, committed 32256K, reserved 1077248K
  class space    used 3601K, capacity 4010K, committed 4096K, reserved 1048576K
}

